Launching lib/main.dart on sdk gphone64 arm64 in debug mode...
Running Gradle task 'assembleDebug'...                          
lib/core/services/auth_service.dart:15:37: Error: Couldn't find constructor 'GoogleSignIn'.
  GoogleSignIn get _googleSignIn => GoogleSignIn();
                                    ^^^^^^^^^^^^
lib/core/services/auth_service.dart:44:67: Error: The method 'signIn' isn't defined for the class 'GoogleSignIn'.
 - 'GoogleSignIn' is from 'package:google_sign_in/google_sign_in.dart' ('../.pub-cache/hosted/pub.dev/google_sign_in-7.2.0/lib/google_sign_in.dart').
Try correcting the name to the name of an existing method, or defining a method named 'signIn'.
      final GoogleSignInAccount? googleUser = await _googleSignIn.signIn();
                                                                  ^^^^^^
lib/core/services/auth_service.dart:53:33: Error: The getter 'accessToken' isn't defined for the class 'GoogleSignInAuthentication'.
 - 'GoogleSignInAuthentication' is from 'package:google_sign_in/src/token_types.dart' ('../.pub-cache/hosted/pub.dev/google_sign_in-7.2.0/lib/src/token_types.dart').
Try correcting the name to the name of an existing getter, or defining a getter or field named 'accessToken'.
        accessToken: googleAuth.accessToken,
                                ^^^^^^^^^^^
Target kernel_snapshot_program failed: Exception


FAILURE: Build failed with an exception.

* What went wrong:
Execution failed for task ':app:compileFlutterBuildDebug'.
> Process 'command '/Users/sarangr/flutter/bin/flutter'' finished with non-zero exit value 1

* Try:
> Run with --stacktrace option to get the stack trace.
> Run with --info or --debug option to get more log output.
> Run with --scan to get full insights.
> Get more help at https://help.gradle.org.

BUILD FAILED in 5s
Running Gradle task 'assembleDebug'...                              5.4s
Error: Gradle task assembleDebug failed with exit code 1
